[03-Nov-2017 21:05:54 UTC] PHP Warning:  include(../../../login/login.php): failed to open stream: No such file or directory in /home/ubuntu/workspace/a brisas/php/index.php on line 289
[03-Nov-2017 21:05:54 UTC] PHP Stack trace:
[03-Nov-2017 21:05:54 UTC] PHP   1. {main}() /home/ubuntu/workspace/a brisas/php/index.php:0
[03-Nov-2017 21:05:54 UTC] PHP Warning:  include(): Failed opening '../../../login/login.php' for inclusion (include_path='.:/usr/share/php:/usr/share/pear') in /home/ubuntu/workspace/a brisas/php/index.php on line 289
[03-Nov-2017 21:05:54 UTC] PHP Stack trace:
[03-Nov-2017 21:05:54 UTC] PHP   1. {main}() /home/ubuntu/workspace/a brisas/php/index.php:0
[03-Nov-2017 21:06:39 UTC] PHP Warning:  include(../../../login/login.php): failed to open stream: No such file or directory in /home/ubuntu/workspace/a brisas/php/index.php on line 289
[03-Nov-2017 21:06:39 UTC] PHP Stack trace:
[03-Nov-2017 21:06:39 UTC] PHP   1. {main}() /home/ubuntu/workspace/a brisas/php/index.php:0
[03-Nov-2017 21:06:39 UTC] PHP Warning:  include(): Failed opening '../../../login/login.php' for inclusion (include_path='.:/usr/share/php:/usr/share/pear') in /home/ubuntu/workspace/a brisas/php/index.php on line 289
[03-Nov-2017 21:06:39 UTC] PHP Stack trace:
[03-Nov-2017 21:06:39 UTC] PHP   1. {main}() /home/ubuntu/workspace/a brisas/php/index.php:0
[03-Nov-2017 21:07:15 UTC] PHP Warning:  include(../../../login/login.php): failed to open stream: No such file or directory in /home/ubuntu/workspace/a brisas/php/index.php on line 289
[03-Nov-2017 21:07:15 UTC] PHP Stack trace:
[03-Nov-2017 21:07:15 UTC] PHP   1. {main}() /home/ubuntu/workspace/a brisas/php/index.php:0
[03-Nov-2017 21:07:15 UTC] PHP Warning:  include(): Failed opening '../../../login/login.php' for inclusion (include_path='.:/usr/share/php:/usr/share/pear') in /home/ubuntu/workspace/a brisas/php/index.php on line 289
[03-Nov-2017 21:07:15 UTC] PHP Stack trace:
[03-Nov-2017 21:07:15 UTC] PHP   1. {main}() /home/ubuntu/workspace/a brisas/php/index.php:0
[03-Nov-2017 21:07:52 UTC] PHP Warning:  include(../../../login/login.php): failed to open stream: No such file or directory in /home/ubuntu/workspace/a brisas/php/index.php on line 289
[03-Nov-2017 21:07:52 UTC] PHP Stack trace:
[03-Nov-2017 21:07:52 UTC] PHP   1. {main}() /home/ubuntu/workspace/a brisas/php/index.php:0
[03-Nov-2017 21:07:52 UTC] PHP Warning:  include(): Failed opening '../../../login/login.php' for inclusion (include_path='.:/usr/share/php:/usr/share/pear') in /home/ubuntu/workspace/a brisas/php/index.php on line 289
[03-Nov-2017 21:07:52 UTC] PHP Stack trace:
[03-Nov-2017 21:07:52 UTC] PHP   1. {main}() /home/ubuntu/workspace/a brisas/php/index.php:0
[03-Nov-2017 21:08:45 UTC] PHP Warning:  include(../../../login/login.php): failed to open stream: No such file or directory in /home/ubuntu/workspace/a brisas/php/index.php on line 289
[03-Nov-2017 21:08:45 UTC] PHP Stack trace:
[03-Nov-2017 21:08:45 UTC] PHP   1. {main}() /home/ubuntu/workspace/a brisas/php/index.php:0
[03-Nov-2017 21:08:45 UTC] PHP Warning:  include(): Failed opening '../../../login/login.php' for inclusion (include_path='.:/usr/share/php:/usr/share/pear') in /home/ubuntu/workspace/a brisas/php/index.php on line 289
[03-Nov-2017 21:08:45 UTC] PHP Stack trace:
[03-Nov-2017 21:08:45 UTC] PHP   1. {main}() /home/ubuntu/workspace/a brisas/php/index.php:0
[03-Nov-2017 21:09:13 UTC] PHP Warning:  include(../../../login/login.php): failed to open stream: No such file or directory in /home/ubuntu/workspace/a brisas/php/index.php on line 286
[03-Nov-2017 21:09:13 UTC] PHP Stack trace:
[03-Nov-2017 21:09:13 UTC] PHP   1. {main}() /home/ubuntu/workspace/a brisas/php/index.php:0
[03-Nov-2017 21:09:13 UTC] PHP Warning:  include(): Failed opening '../../../login/login.php' for inclusion (include_path='.:/usr/share/php:/usr/share/pear') in /home/ubuntu/workspace/a brisas/php/index.php on line 286
[03-Nov-2017 21:09:13 UTC] PHP Stack trace:
[03-Nov-2017 21:09:13 UTC] PHP   1. {main}() /home/ubuntu/workspace/a brisas/php/index.php:0
[03-Nov-2017 21:10:52 UTC] PHP Warning:  include(../../../login/login.php): failed to open stream: No such file or directory in /home/ubuntu/workspace/a brisas/php/index.php on line 286
[03-Nov-2017 21:10:52 UTC] PHP Stack trace:
[03-Nov-2017 21:10:52 UTC] PHP   1. {main}() /home/ubuntu/workspace/a brisas/php/index.php:0
[03-Nov-2017 21:10:52 UTC] PHP Warning:  include(): Failed opening '../../../login/login.php' for inclusion (include_path='.:/usr/share/php:/usr/share/pear') in /home/ubuntu/workspace/a brisas/php/index.php on line 286
[03-Nov-2017 21:10:52 UTC] PHP Stack trace:
[03-Nov-2017 21:10:52 UTC] PHP   1. {main}() /home/ubuntu/workspace/a brisas/php/index.php:0
[03-Nov-2017 21:13:32 UTC] PHP Warning:  include(../../../login/login.php): failed to open stream: No such file or directory in /home/ubuntu/workspace/a brisas/php/index.php on line 286
[03-Nov-2017 21:13:32 UTC] PHP Stack trace:
[03-Nov-2017 21:13:32 UTC] PHP   1. {main}() /home/ubuntu/workspace/a brisas/php/index.php:0
[03-Nov-2017 21:13:32 UTC] PHP Warning:  include(): Failed opening '../../../login/login.php' for inclusion (include_path='.:/usr/share/php:/usr/share/pear') in /home/ubuntu/workspace/a brisas/php/index.php on line 286
[03-Nov-2017 21:13:32 UTC] PHP Stack trace:
[03-Nov-2017 21:13:32 UTC] PHP   1. {main}() /home/ubuntu/workspace/a brisas/php/index.php:0
[03-Nov-2017 21:14:14 UTC] PHP Warning:  include(../../../login/login.php): failed to open stream: No such file or directory in /home/ubuntu/workspace/a brisas/php/index.php on line 286
[03-Nov-2017 21:14:14 UTC] PHP Stack trace:
[03-Nov-2017 21:14:14 UTC] PHP   1. {main}() /home/ubuntu/workspace/a brisas/php/index.php:0
[03-Nov-2017 21:14:14 UTC] PHP Warning:  include(): Failed opening '../../../login/login.php' for inclusion (include_path='.:/usr/share/php:/usr/share/pear') in /home/ubuntu/workspace/a brisas/php/index.php on line 286
[03-Nov-2017 21:14:14 UTC] PHP Stack trace:
[03-Nov-2017 21:14:14 UTC] PHP   1. {main}() /home/ubuntu/workspace/a brisas/php/index.php:0
[03-Nov-2017 21:15:20 UTC] PHP Warning:  include(../../../login/login.php): failed to open stream: No such file or directory in /home/ubuntu/workspace/a brisas/php/index.php on line 286
[03-Nov-2017 21:15:20 UTC] PHP Stack trace:
[03-Nov-2017 21:15:20 UTC] PHP   1. {main}() /home/ubuntu/workspace/a brisas/php/index.php:0
[03-Nov-2017 21:15:20 UTC] PHP Warning:  include(): Failed opening '../../../login/login.php' for inclusion (include_path='.:/usr/share/php:/usr/share/pear') in /home/ubuntu/workspace/a brisas/php/index.php on line 286
[03-Nov-2017 21:15:20 UTC] PHP Stack trace:
[03-Nov-2017 21:15:20 UTC] PHP   1. {main}() /home/ubuntu/workspace/a brisas/php/index.php:0
[03-Nov-2017 21:16:44 UTC] PHP Warning:  include(../../../login/login.php): failed to open stream: No such file or directory in /home/ubuntu/workspace/a brisas/php/index.php on line 286
[03-Nov-2017 21:16:44 UTC] PHP Stack trace:
[03-Nov-2017 21:16:44 UTC] PHP   1. {main}() /home/ubuntu/workspace/a brisas/php/index.php:0
[03-Nov-2017 21:16:44 UTC] PHP Warning:  include(): Failed opening '../../../login/login.php' for inclusion (include_path='.:/usr/share/php:/usr/share/pear') in /home/ubuntu/workspace/a brisas/php/index.php on line 286
[03-Nov-2017 21:16:44 UTC] PHP Stack trace:
[03-Nov-2017 21:16:44 UTC] PHP   1. {main}() /home/ubuntu/workspace/a brisas/php/index.php:0
[03-Nov-2017 21:17:05 UTC] PHP Warning:  include(../../../login/login.php): failed to open stream: No such file or directory in /home/ubuntu/workspace/a brisas/php/index.php on line 286
[03-Nov-2017 21:17:05 UTC] PHP Stack trace:
[03-Nov-2017 21:17:05 UTC] PHP   1. {main}() /home/ubuntu/workspace/a brisas/php/index.php:0
[03-Nov-2017 21:17:05 UTC] PHP Warning:  include(): Failed opening '../../../login/login.php' for inclusion (include_path='.:/usr/share/php:/usr/share/pear') in /home/ubuntu/workspace/a brisas/php/index.php on line 286
[03-Nov-2017 21:17:05 UTC] PHP Stack trace:
[03-Nov-2017 21:17:05 UTC] PHP   1. {main}() /home/ubuntu/workspace/a brisas/php/index.php:0
[03-Nov-2017 21:17:25 UTC] PHP Warning:  include(../../../login/login.php): failed to open stream: No such file or directory in /home/ubuntu/workspace/a brisas/php/index.php on line 286
[03-Nov-2017 21:17:25 UTC] PHP Stack trace:
[03-Nov-2017 21:17:25 UTC] PHP   1. {main}() /home/ubuntu/workspace/a brisas/php/index.php:0
[03-Nov-2017 21:17:25 UTC] PHP Warning:  include(): Failed opening '../../../login/login.php' for inclusion (include_path='.:/usr/share/php:/usr/share/pear') in /home/ubuntu/workspace/a brisas/php/index.php on line 286
[03-Nov-2017 21:17:25 UTC] PHP Stack trace:
[03-Nov-2017 21:17:25 UTC] PHP   1. {main}() /home/ubuntu/workspace/a brisas/php/index.php:0
[03-Nov-2017 21:17:47 UTC] PHP Warning:  include(../../../login/login.php): failed to open stream: No such file or directory in /home/ubuntu/workspace/a brisas/php/index.php on line 286
[03-Nov-2017 21:17:47 UTC] PHP Stack trace:
[03-Nov-2017 21:17:47 UTC] PHP   1. {main}() /home/ubuntu/workspace/a brisas/php/index.php:0
[03-Nov-2017 21:17:47 UTC] PHP Warning:  include(): Failed opening '../../../login/login.php' for inclusion (include_path='.:/usr/share/php:/usr/share/pear') in /home/ubuntu/workspace/a brisas/php/index.php on line 286
[03-Nov-2017 21:17:47 UTC] PHP Stack trace:
[03-Nov-2017 21:17:47 UTC] PHP   1. {main}() /home/ubuntu/workspace/a brisas/php/index.php:0
[03-Nov-2017 21:18:46 UTC] PHP Warning:  include(../../../login/login.php): failed to open stream: No such file or directory in /home/ubuntu/workspace/a brisas/php/index.php on line 286
[03-Nov-2017 21:18:46 UTC] PHP Stack trace:
[03-Nov-2017 21:18:46 UTC] PHP   1. {main}() /home/ubuntu/workspace/a brisas/php/index.php:0
[03-Nov-2017 21:18:46 UTC] PHP Warning:  include(): Failed opening '../../../login/login.php' for inclusion (include_path='.:/usr/share/php:/usr/share/pear') in /home/ubuntu/workspace/a brisas/php/index.php on line 286
[03-Nov-2017 21:18:46 UTC] PHP Stack trace:
[03-Nov-2017 21:18:46 UTC] PHP   1. {main}() /home/ubuntu/workspace/a brisas/php/index.php:0
[03-Nov-2017 21:19:09 UTC] PHP Warning:  include(../../../login/login.php): failed to open stream: No such file or directory in /home/ubuntu/workspace/a brisas/php/index.php on line 286
[03-Nov-2017 21:19:09 UTC] PHP Stack trace:
[03-Nov-2017 21:19:09 UTC] PHP   1. {main}() /home/ubuntu/workspace/a brisas/php/index.php:0
[03-Nov-2017 21:19:09 UTC] PHP Warning:  include(): Failed opening '../../../login/login.php' for inclusion (include_path='.:/usr/share/php:/usr/share/pear') in /home/ubuntu/workspace/a brisas/php/index.php on line 286
[03-Nov-2017 21:19:09 UTC] PHP Stack trace:
[03-Nov-2017 21:19:09 UTC] PHP   1. {main}() /home/ubuntu/workspace/a brisas/php/index.php:0
[03-Nov-2017 21:20:07 UTC] PHP Warning:  include(../../../login/login.php): failed to open stream: No such file or directory in /home/ubuntu/workspace/a brisas/php/index.php on line 286
[03-Nov-2017 21:20:07 UTC] PHP Stack trace:
[03-Nov-2017 21:20:07 UTC] PHP   1. {main}() /home/ubuntu/workspace/a brisas/php/index.php:0
[03-Nov-2017 21:20:07 UTC] PHP Warning:  include(): Failed opening '../../../login/login.php' for inclusion (include_path='.:/usr/share/php:/usr/share/pear') in /home/ubuntu/workspace/a brisas/php/index.php on line 286
[03-Nov-2017 21:20:07 UTC] PHP Stack trace:
[03-Nov-2017 21:20:07 UTC] PHP   1. {main}() /home/ubuntu/workspace/a brisas/php/index.php:0
[03-Nov-2017 21:21:15 UTC] PHP Warning:  include(../../../login/login.php): failed to open stream: No such file or directory in /home/ubuntu/workspace/a brisas/php/index.php on line 286
[03-Nov-2017 21:21:15 UTC] PHP Stack trace:
[03-Nov-2017 21:21:15 UTC] PHP   1. {main}() /home/ubuntu/workspace/a brisas/php/index.php:0
[03-Nov-2017 21:21:15 UTC] PHP Warning:  include(): Failed opening '../../../login/login.php' for inclusion (include_path='.:/usr/share/php:/usr/share/pear') in /home/ubuntu/workspace/a brisas/php/index.php on line 286
[03-Nov-2017 21:21:15 UTC] PHP Stack trace:
[03-Nov-2017 21:21:15 UTC] PHP   1. {main}() /home/ubuntu/workspace/a brisas/php/index.php:0
[03-Nov-2017 21:29:04 UTC] PHP Warning:  include(../../../login/login.php): failed to open stream: No such file or directory in /home/ubuntu/workspace/a brisas/php/index.php on line 286
[03-Nov-2017 21:29:04 UTC] PHP Stack trace:
[03-Nov-2017 21:29:04 UTC] PHP   1. {main}() /home/ubuntu/workspace/a brisas/php/index.php:0
[03-Nov-2017 21:29:04 UTC] PHP Warning:  include(): Failed opening '../../../login/login.php' for inclusion (include_path='.:/usr/share/php:/usr/share/pear') in /home/ubuntu/workspace/a brisas/php/index.php on line 286
[03-Nov-2017 21:29:04 UTC] PHP Stack trace:
[03-Nov-2017 21:29:04 UTC] PHP   1. {main}() /home/ubuntu/workspace/a brisas/php/index.php:0
[03-Nov-2017 21:29:35 UTC] PHP Warning:  include(../../../login/login.php): failed to open stream: No such file or directory in /home/ubuntu/workspace/a brisas/php/index.php on line 286
[03-Nov-2017 21:29:35 UTC] PHP Stack trace:
[03-Nov-2017 21:29:35 UTC] PHP   1. {main}() /home/ubuntu/workspace/a brisas/php/index.php:0
[03-Nov-2017 21:29:35 UTC] PHP Warning:  include(): Failed opening '../../../login/login.php' for inclusion (include_path='.:/usr/share/php:/usr/share/pear') in /home/ubuntu/workspace/a brisas/php/index.php on line 286
[03-Nov-2017 21:29:35 UTC] PHP Stack trace:
[03-Nov-2017 21:29:35 UTC] PHP   1. {main}() /home/ubuntu/workspace/a brisas/php/index.php:0
[03-Nov-2017 21:31:10 UTC] PHP Warning:  include(../../../login/login.php): failed to open stream: No such file or directory in /home/ubuntu/workspace/a brisas/php/index.php on line 285
[03-Nov-2017 21:31:10 UTC] PHP Stack trace:
[03-Nov-2017 21:31:10 UTC] PHP   1. {main}() /home/ubuntu/workspace/a brisas/php/index.php:0
[03-Nov-2017 21:31:10 UTC] PHP Warning:  include(): Failed opening '../../../login/login.php' for inclusion (include_path='.:/usr/share/php:/usr/share/pear') in /home/ubuntu/workspace/a brisas/php/index.php on line 285
[03-Nov-2017 21:31:10 UTC] PHP Stack trace:
[03-Nov-2017 21:31:10 UTC] PHP   1. {main}() /home/ubuntu/workspace/a brisas/php/index.php:0
[03-Nov-2017 21:31:48 UTC] PHP Warning:  include(../../../login/login.php): failed to open stream: No such file or directory in /home/ubuntu/workspace/a brisas/php/index.php on line 285
[03-Nov-2017 21:31:48 UTC] PHP Stack trace:
[03-Nov-2017 21:31:48 UTC] PHP   1. {main}() /home/ubuntu/workspace/a brisas/php/index.php:0
[03-Nov-2017 21:31:48 UTC] PHP Warning:  include(): Failed opening '../../../login/login.php' for inclusion (include_path='.:/usr/share/php:/usr/share/pear') in /home/ubuntu/workspace/a brisas/php/index.php on line 285
[03-Nov-2017 21:31:48 UTC] PHP Stack trace:
[03-Nov-2017 21:31:48 UTC] PHP   1. {main}() /home/ubuntu/workspace/a brisas/php/index.php:0
[03-Nov-2017 21:35:15 UTC] PHP Warning:  include(../../../login/login.php): failed to open stream: No such file or directory in /home/ubuntu/workspace/a brisas/php/index.php on line 284
[03-Nov-2017 21:35:15 UTC] PHP Stack trace:
[03-Nov-2017 21:35:15 UTC] PHP   1. {main}() /home/ubuntu/workspace/a brisas/php/index.php:0
[03-Nov-2017 21:35:15 UTC] PHP Warning:  include(): Failed opening '../../../login/login.php' for inclusion (include_path='.:/usr/share/php:/usr/share/pear') in /home/ubuntu/workspace/a brisas/php/index.php on line 284
[03-Nov-2017 21:35:15 UTC] PHP Stack trace:
[03-Nov-2017 21:35:15 UTC] PHP   1. {main}() /home/ubuntu/workspace/a brisas/php/index.php:0
[03-Nov-2017 21:35:46 UTC] PHP Warning:  include(../../../login/login.php): failed to open stream: No such file or directory in /home/ubuntu/workspace/a brisas/php/index.php on line 285
[03-Nov-2017 21:35:46 UTC] PHP Stack trace:
[03-Nov-2017 21:35:46 UTC] PHP   1. {main}() /home/ubuntu/workspace/a brisas/php/index.php:0
[03-Nov-2017 21:35:46 UTC] PHP Warning:  include(): Failed opening '../../../login/login.php' for inclusion (include_path='.:/usr/share/php:/usr/share/pear') in /home/ubuntu/workspace/a brisas/php/index.php on line 285
[03-Nov-2017 21:35:46 UTC] PHP Stack trace:
[03-Nov-2017 21:35:46 UTC] PHP   1. {main}() /home/ubuntu/workspace/a brisas/php/index.php:0
[03-Nov-2017 21:43:09 UTC] PHP Warning:  include(../../../login/login.php): failed to open stream: No such file or directory in /home/ubuntu/workspace/a brisas/php/index.php on line 285
[03-Nov-2017 21:43:09 UTC] PHP Stack trace:
[03-Nov-2017 21:43:09 UTC] PHP   1. {main}() /home/ubuntu/workspace/a brisas/php/index.php:0
[03-Nov-2017 21:43:09 UTC] PHP Warning:  include(): Failed opening '../../../login/login.php' for inclusion (include_path='.:/usr/share/php:/usr/share/pear') in /home/ubuntu/workspace/a brisas/php/index.php on line 285
[03-Nov-2017 21:43:09 UTC] PHP Stack trace:
[03-Nov-2017 21:43:09 UTC] PHP   1. {main}() /home/ubuntu/workspace/a brisas/php/index.php:0
[03-Nov-2017 21:43:21 UTC] PHP Warning:  include(../../../login/login.php): failed to open stream: No such file or directory in /home/ubuntu/workspace/a brisas/php/index.php on line 285
[03-Nov-2017 21:43:21 UTC] PHP Stack trace:
[03-Nov-2017 21:43:21 UTC] PHP   1. {main}() /home/ubuntu/workspace/a brisas/php/index.php:0
[03-Nov-2017 21:43:21 UTC] PHP Warning:  include(): Failed opening '../../../login/login.php' for inclusion (include_path='.:/usr/share/php:/usr/share/pear') in /home/ubuntu/workspace/a brisas/php/index.php on line 285
[03-Nov-2017 21:43:21 UTC] PHP Stack trace:
[03-Nov-2017 21:43:21 UTC] PHP   1. {main}() /home/ubuntu/workspace/a brisas/php/index.php:0
[03-Nov-2017 21:43:52 UTC] PHP Warning:  include(../../../login/login.php): failed to open stream: No such file or directory in /home/ubuntu/workspace/a brisas/php/index.php on line 285
[03-Nov-2017 21:43:52 UTC] PHP Stack trace:
[03-Nov-2017 21:43:52 UTC] PHP   1. {main}() /home/ubuntu/workspace/a brisas/php/index.php:0
[03-Nov-2017 21:43:52 UTC] PHP Warning:  include(): Failed opening '../../../login/login.php' for inclusion (include_path='.:/usr/share/php:/usr/share/pear') in /home/ubuntu/workspace/a brisas/php/index.php on line 285
[03-Nov-2017 21:43:52 UTC] PHP Stack trace:
[03-Nov-2017 21:43:52 UTC] PHP   1. {main}() /home/ubuntu/workspace/a brisas/php/index.php:0
[03-Nov-2017 21:44:19 UTC] PHP Warning:  include(../../../login/login.php): failed to open stream: No such file or directory in /home/ubuntu/workspace/a brisas/php/index.php on line 285
[03-Nov-2017 21:44:19 UTC] PHP Stack trace:
[03-Nov-2017 21:44:19 UTC] PHP   1. {main}() /home/ubuntu/workspace/a brisas/php/index.php:0
[03-Nov-2017 21:44:19 UTC] PHP Warning:  include(): Failed opening '../../../login/login.php' for inclusion (include_path='.:/usr/share/php:/usr/share/pear') in /home/ubuntu/workspace/a brisas/php/index.php on line 285
[03-Nov-2017 21:44:19 UTC] PHP Stack trace:
[03-Nov-2017 21:44:19 UTC] PHP   1. {main}() /home/ubuntu/workspace/a brisas/php/index.php:0
[03-Nov-2017 21:44:38 UTC] PHP Warning:  include(../../../login/login.php): failed to open stream: No such file or directory in /home/ubuntu/workspace/a brisas/php/index.php on line 285
[03-Nov-2017 21:44:38 UTC] PHP Stack trace:
[03-Nov-2017 21:44:38 UTC] PHP   1. {main}() /home/ubuntu/workspace/a brisas/php/index.php:0
[03-Nov-2017 21:44:38 UTC] PHP Warning:  include(): Failed opening '../../../login/login.php' for inclusion (include_path='.:/usr/share/php:/usr/share/pear') in /home/ubuntu/workspace/a brisas/php/index.php on line 285
[03-Nov-2017 21:44:38 UTC] PHP Stack trace:
[03-Nov-2017 21:44:38 UTC] PHP   1. {main}() /home/ubuntu/workspace/a brisas/php/index.php:0
[03-Nov-2017 21:44:42 UTC] PHP Warning:  include(../../../login/login.php): failed to open stream: No such file or directory in /home/ubuntu/workspace/a brisas/php/index.php on line 285
[03-Nov-2017 21:44:42 UTC] PHP Stack trace:
[03-Nov-2017 21:44:42 UTC] PHP   1. {main}() /home/ubuntu/workspace/a brisas/php/index.php:0
[03-Nov-2017 21:44:42 UTC] PHP Warning:  include(): Failed opening '../../../login/login.php' for inclusion (include_path='.:/usr/share/php:/usr/share/pear') in /home/ubuntu/workspace/a brisas/php/index.php on line 285
[03-Nov-2017 21:44:42 UTC] PHP Stack trace:
[03-Nov-2017 21:44:42 UTC] PHP   1. {main}() /home/ubuntu/workspace/a brisas/php/index.php:0
[03-Nov-2017 22:07:51 UTC] PHP Warning:  include(../../../login/login.php): failed to open stream: No such file or directory in /home/ubuntu/workspace/a brisas/php/index.php on line 285
[03-Nov-2017 22:07:51 UTC] PHP Stack trace:
[03-Nov-2017 22:07:51 UTC] PHP   1. {main}() /home/ubuntu/workspace/a brisas/php/index.php:0
[03-Nov-2017 22:07:51 UTC] PHP Warning:  include(): Failed opening '../../../login/login.php' for inclusion (include_path='.:/usr/share/php:/usr/share/pear') in /home/ubuntu/workspace/a brisas/php/index.php on line 285
[03-Nov-2017 22:07:51 UTC] PHP Stack trace:
[03-Nov-2017 22:07:51 UTC] PHP   1. {main}() /home/ubuntu/workspace/a brisas/php/index.php:0
[03-Nov-2017 22:08:24 UTC] PHP Warning:  include(../../../login/login.php): failed to open stream: No such file or directory in /home/ubuntu/workspace/a brisas/php/index.php on line 285
[03-Nov-2017 22:08:24 UTC] PHP Stack trace:
[03-Nov-2017 22:08:24 UTC] PHP   1. {main}() /home/ubuntu/workspace/a brisas/php/index.php:0
[03-Nov-2017 22:08:24 UTC] PHP Warning:  include(): Failed opening '../../../login/login.php' for inclusion (include_path='.:/usr/share/php:/usr/share/pear') in /home/ubuntu/workspace/a brisas/php/index.php on line 285
[03-Nov-2017 22:08:24 UTC] PHP Stack trace:
[03-Nov-2017 22:08:24 UTC] PHP   1. {main}() /home/ubuntu/workspace/a brisas/php/index.php:0
[03-Nov-2017 22:12:02 UTC] PHP Warning:  include(../../../login/login.php): failed to open stream: No such file or directory in /home/ubuntu/workspace/a brisas/php/index.php on line 285
[03-Nov-2017 22:12:02 UTC] PHP Stack trace:
[03-Nov-2017 22:12:02 UTC] PHP   1. {main}() /home/ubuntu/workspace/a brisas/php/index.php:0
[03-Nov-2017 22:12:02 UTC] PHP Warning:  include(): Failed opening '../../../login/login.php' for inclusion (include_path='.:/usr/share/php:/usr/share/pear') in /home/ubuntu/workspace/a brisas/php/index.php on line 285
[03-Nov-2017 22:12:02 UTC] PHP Stack trace:
[03-Nov-2017 22:12:02 UTC] PHP   1. {main}() /home/ubuntu/workspace/a brisas/php/index.php:0
[03-Nov-2017 22:12:42 UTC] PHP Warning:  include(../../../login/login.php): failed to open stream: No such file or directory in /home/ubuntu/workspace/a brisas/php/index.php on line 285
[03-Nov-2017 22:12:42 UTC] PHP Stack trace:
[03-Nov-2017 22:12:42 UTC] PHP   1. {main}() /home/ubuntu/workspace/a brisas/php/index.php:0
[03-Nov-2017 22:12:42 UTC] PHP Warning:  include(): Failed opening '../../../login/login.php' for inclusion (include_path='.:/usr/share/php:/usr/share/pear') in /home/ubuntu/workspace/a brisas/php/index.php on line 285
[03-Nov-2017 22:12:42 UTC] PHP Stack trace:
[03-Nov-2017 22:12:42 UTC] PHP   1. {main}() /home/ubuntu/workspace/a brisas/php/index.php:0
[03-Nov-2017 22:14:05 UTC] PHP Warning:  include(../../../login/login.php): failed to open stream: No such file or directory in /home/ubuntu/workspace/a brisas/php/index.php on line 285
[03-Nov-2017 22:14:05 UTC] PHP Stack trace:
[03-Nov-2017 22:14:05 UTC] PHP   1. {main}() /home/ubuntu/workspace/a brisas/php/index.php:0
[03-Nov-2017 22:14:05 UTC] PHP Warning:  include(): Failed opening '../../../login/login.php' for inclusion (include_path='.:/usr/share/php:/usr/share/pear') in /home/ubuntu/workspace/a brisas/php/index.php on line 285
[03-Nov-2017 22:14:05 UTC] PHP Stack trace:
[03-Nov-2017 22:14:05 UTC] PHP   1. {main}() /home/ubuntu/workspace/a brisas/php/index.php:0
[03-Nov-2017 22:14:35 UTC] PHP Warning:  include(../../../login/login.php): failed to open stream: No such file or directory in /home/ubuntu/workspace/a brisas/php/index.php on line 285
[03-Nov-2017 22:14:35 UTC] PHP Stack trace:
[03-Nov-2017 22:14:35 UTC] PHP   1. {main}() /home/ubuntu/workspace/a brisas/php/index.php:0
[03-Nov-2017 22:14:35 UTC] PHP Warning:  include(): Failed opening '../../../login/login.php' for inclusion (include_path='.:/usr/share/php:/usr/share/pear') in /home/ubuntu/workspace/a brisas/php/index.php on line 285
[03-Nov-2017 22:14:35 UTC] PHP Stack trace:
[03-Nov-2017 22:14:35 UTC] PHP   1. {main}() /home/ubuntu/workspace/a brisas/php/index.php:0
[03-Nov-2017 22:15:10 UTC] PHP Warning:  include(../../../login/login.php): failed to open stream: No such file or directory in /home/ubuntu/workspace/a brisas/php/index.php on line 285
[03-Nov-2017 22:15:10 UTC] PHP Stack trace:
[03-Nov-2017 22:15:10 UTC] PHP   1. {main}() /home/ubuntu/workspace/a brisas/php/index.php:0
[03-Nov-2017 22:15:10 UTC] PHP Warning:  include(): Failed opening '../../../login/login.php' for inclusion (include_path='.:/usr/share/php:/usr/share/pear') in /home/ubuntu/workspace/a brisas/php/index.php on line 285
[03-Nov-2017 22:15:10 UTC] PHP Stack trace:
[03-Nov-2017 22:15:10 UTC] PHP   1. {main}() /home/ubuntu/workspace/a brisas/php/index.php:0
[03-Nov-2017 22:15:21 UTC] PHP Warning:  include(../../../login/login.php): failed to open stream: No such file or directory in /home/ubuntu/workspace/a brisas/php/index.php on line 285
[03-Nov-2017 22:15:21 UTC] PHP Stack trace:
[03-Nov-2017 22:15:21 UTC] PHP   1. {main}() /home/ubuntu/workspace/a brisas/php/index.php:0
[03-Nov-2017 22:15:21 UTC] PHP Warning:  include(): Failed opening '../../../login/login.php' for inclusion (include_path='.:/usr/share/php:/usr/share/pear') in /home/ubuntu/workspace/a brisas/php/index.php on line 285
[03-Nov-2017 22:15:21 UTC] PHP Stack trace:
[03-Nov-2017 22:15:21 UTC] PHP   1. {main}() /home/ubuntu/workspace/a brisas/php/index.php:0
[03-Nov-2017 22:16:35 UTC] PHP Warning:  include(../../../login/login.php): failed to open stream: No such file or directory in /home/ubuntu/workspace/a brisas/php/index.php on line 285
[03-Nov-2017 22:16:35 UTC] PHP Stack trace:
[03-Nov-2017 22:16:35 UTC] PHP   1. {main}() /home/ubuntu/workspace/a brisas/php/index.php:0
[03-Nov-2017 22:16:35 UTC] PHP Warning:  include(): Failed opening '../../../login/login.php' for inclusion (include_path='.:/usr/share/php:/usr/share/pear') in /home/ubuntu/workspace/a brisas/php/index.php on line 285
[03-Nov-2017 22:16:35 UTC] PHP Stack trace:
[03-Nov-2017 22:16:35 UTC] PHP   1. {main}() /home/ubuntu/workspace/a brisas/php/index.php:0
[03-Nov-2017 22:19:51 UTC] PHP Warning:  include(../../../login/login.php): failed to open stream: No such file or directory in /home/ubuntu/workspace/a brisas/php/index.php on line 194
[03-Nov-2017 22:19:51 UTC] PHP Stack trace:
[03-Nov-2017 22:19:51 UTC] PHP   1. {main}() /home/ubuntu/workspace/a brisas/php/index.php:0
[03-Nov-2017 22:19:51 UTC] PHP Warning:  include(): Failed opening '../../../login/login.php' for inclusion (include_path='.:/usr/share/php:/usr/share/pear') in /home/ubuntu/workspace/a brisas/php/index.php on line 194
[03-Nov-2017 22:19:51 UTC] PHP Stack trace:
[03-Nov-2017 22:19:51 UTC] PHP   1. {main}() /home/ubuntu/workspace/a brisas/php/index.php:0
[03-Nov-2017 22:20:36 UTC] PHP Warning:  include(../../../login/login.php): failed to open stream: No such file or directory in /home/ubuntu/workspace/a brisas/php/index.php on line 194
[03-Nov-2017 22:20:36 UTC] PHP Stack trace:
[03-Nov-2017 22:20:36 UTC] PHP   1. {main}() /home/ubuntu/workspace/a brisas/php/index.php:0
[03-Nov-2017 22:20:36 UTC] PHP Warning:  include(): Failed opening '../../../login/login.php' for inclusion (include_path='.:/usr/share/php:/usr/share/pear') in /home/ubuntu/workspace/a brisas/php/index.php on line 194
[03-Nov-2017 22:20:36 UTC] PHP Stack trace:
[03-Nov-2017 22:20:36 UTC] PHP   1. {main}() /home/ubuntu/workspace/a brisas/php/index.php:0
[03-Nov-2017 22:21:05 UTC] PHP Warning:  include(../../../login/login.php): failed to open stream: No such file or directory in /home/ubuntu/workspace/a brisas/php/index.php on line 194
[03-Nov-2017 22:21:05 UTC] PHP Stack trace:
[03-Nov-2017 22:21:05 UTC] PHP   1. {main}() /home/ubuntu/workspace/a brisas/php/index.php:0
[03-Nov-2017 22:21:05 UTC] PHP Warning:  include(): Failed opening '../../../login/login.php' for inclusion (include_path='.:/usr/share/php:/usr/share/pear') in /home/ubuntu/workspace/a brisas/php/index.php on line 194
[03-Nov-2017 22:21:05 UTC] PHP Stack trace:
[03-Nov-2017 22:21:05 UTC] PHP   1. {main}() /home/ubuntu/workspace/a brisas/php/index.php:0
[03-Nov-2017 22:50:14 UTC] PHP Warning:  session_destroy(): Trying to destroy uninitialized session in /home/ubuntu/workspace/a brisas/funcion/logout.php on line 2
[03-Nov-2017 22:50:14 UTC] PHP Stack trace:
[03-Nov-2017 22:50:14 UTC] PHP   1. {main}() /home/ubuntu/workspace/a brisas/funcion/logout.php:0
[03-Nov-2017 22:50:14 UTC] PHP   2. session_destroy() /home/ubuntu/workspace/a brisas/funcion/logout.php:2
[03-Nov-2017 22:50:47 UTC] PHP Warning:  session_destroy(): Trying to destroy uninitialized session in /home/ubuntu/workspace/a brisas/funcion/logout.php on line 2
[03-Nov-2017 22:50:47 UTC] PHP Stack trace:
[03-Nov-2017 22:50:47 UTC] PHP   1. {main}() /home/ubuntu/workspace/a brisas/funcion/logout.php:0
[03-Nov-2017 22:50:47 UTC] PHP   2. session_destroy() /home/ubuntu/workspace/a brisas/funcion/logout.php:2
[03-Nov-2017 22:50:51 UTC] PHP Warning:  session_destroy(): Trying to destroy uninitialized session in /home/ubuntu/workspace/a brisas/funcion/logout.php on line 2
[03-Nov-2017 22:50:51 UTC] PHP Stack trace:
[03-Nov-2017 22:50:51 UTC] PHP   1. {main}() /home/ubuntu/workspace/a brisas/funcion/logout.php:0
[03-Nov-2017 22:50:51 UTC] PHP   2. session_destroy() /home/ubuntu/workspace/a brisas/funcion/logout.php:2
[04-Nov-2017 04:35:56 UTC] PHP Warning:  include(../funcion/login.php): failed to open stream: No such file or directory in /home/ubuntu/workspace/a brisas/php/top.php on line 115
[04-Nov-2017 04:35:56 UTC] PHP Stack trace:
[04-Nov-2017 04:35:56 UTC] PHP   1. {main}() /home/ubuntu/workspace/a brisas/php/index.php:0
[04-Nov-2017 04:35:56 UTC] PHP   2. include() /home/ubuntu/workspace/a brisas/php/index.php:1
[04-Nov-2017 04:35:56 UTC] PHP Warning:  include(): Failed opening '../funcion/login.php' for inclusion (include_path='.:/usr/share/php:/usr/share/pear') in /home/ubuntu/workspace/a brisas/php/top.php on line 115
[04-Nov-2017 04:35:56 UTC] PHP Stack trace:
[04-Nov-2017 04:35:56 UTC] PHP   1. {main}() /home/ubuntu/workspace/a brisas/php/index.php:0
[04-Nov-2017 04:35:56 UTC] PHP   2. include() /home/ubuntu/workspace/a brisas/php/index.php:1
[04-Nov-2017 04:39:00 UTC] PHP Warning:  include(../funcion/login.php): failed to open stream: No such file or directory in /home/ubuntu/workspace/a brisas/php/top.php on line 115
[04-Nov-2017 04:39:00 UTC] PHP Stack trace:
[04-Nov-2017 04:39:00 UTC] PHP   1. {main}() /home/ubuntu/workspace/a brisas/php/index.php:0
[04-Nov-2017 04:39:00 UTC] PHP   2. include() /home/ubuntu/workspace/a brisas/php/index.php:1
[04-Nov-2017 04:39:00 UTC] PHP Warning:  include(): Failed opening '../funcion/login.php' for inclusion (include_path='.:/usr/share/php:/usr/share/pear') in /home/ubuntu/workspace/a brisas/php/top.php on line 115
[04-Nov-2017 04:39:00 UTC] PHP Stack trace:
[04-Nov-2017 04:39:00 UTC] PHP   1. {main}() /home/ubuntu/workspace/a brisas/php/index.php:0
[04-Nov-2017 04:39:00 UTC] PHP   2. include() /home/ubuntu/workspace/a brisas/php/index.php:1
[04-Nov-2017 04:40:04 UTC] PHP Warning:  include(../funcion/login.php): failed to open stream: No such file or directory in /home/ubuntu/workspace/a brisas/php/top.php on line 115
[04-Nov-2017 04:40:04 UTC] PHP Stack trace:
[04-Nov-2017 04:40:04 UTC] PHP   1. {main}() /home/ubuntu/workspace/a brisas/php/index.php:0
[04-Nov-2017 04:40:04 UTC] PHP   2. include() /home/ubuntu/workspace/a brisas/php/index.php:1
[04-Nov-2017 04:40:04 UTC] PHP Warning:  include(): Failed opening '../funcion/login.php' for inclusion (include_path='.:/usr/share/php:/usr/share/pear') in /home/ubuntu/workspace/a brisas/php/top.php on line 115
[04-Nov-2017 04:40:04 UTC] PHP Stack trace:
[04-Nov-2017 04:40:04 UTC] PHP   1. {main}() /home/ubuntu/workspace/a brisas/php/index.php:0
[04-Nov-2017 04:40:04 UTC] PHP   2. include() /home/ubuntu/workspace/a brisas/php/index.php:1
[04-Nov-2017 04:41:07 UTC] PHP Warning:  include(../funcion/login.php): failed to open stream: No such file or directory in /home/ubuntu/workspace/a brisas/php/top.php on line 115
[04-Nov-2017 04:41:07 UTC] PHP Stack trace:
[04-Nov-2017 04:41:07 UTC] PHP   1. {main}() /home/ubuntu/workspace/a brisas/php/index.php:0
[04-Nov-2017 04:41:07 UTC] PHP   2. include() /home/ubuntu/workspace/a brisas/php/index.php:1
[04-Nov-2017 04:41:07 UTC] PHP Warning:  include(): Failed opening '../funcion/login.php' for inclusion (include_path='.:/usr/share/php:/usr/share/pear') in /home/ubuntu/workspace/a brisas/php/top.php on line 115
[04-Nov-2017 04:41:07 UTC] PHP Stack trace:
[04-Nov-2017 04:41:07 UTC] PHP   1. {main}() /home/ubuntu/workspace/a brisas/php/index.php:0
[04-Nov-2017 04:41:07 UTC] PHP   2. include() /home/ubuntu/workspace/a brisas/php/index.php:1
[04-Nov-2017 04:44:13 UTC] PHP Warning:  include(../funcion/login.php): failed to open stream: No such file or directory in /home/ubuntu/workspace/a brisas/php/top.php on line 115
[04-Nov-2017 04:44:13 UTC] PHP Stack trace:
[04-Nov-2017 04:44:13 UTC] PHP   1. {main}() /home/ubuntu/workspace/a brisas/php/index.php:0
[04-Nov-2017 04:44:13 UTC] PHP   2. include() /home/ubuntu/workspace/a brisas/php/index.php:1
[04-Nov-2017 04:44:13 UTC] PHP Warning:  include(): Failed opening '../funcion/login.php' for inclusion (include_path='.:/usr/share/php:/usr/share/pear') in /home/ubuntu/workspace/a brisas/php/top.php on line 115
[04-Nov-2017 04:44:13 UTC] PHP Stack trace:
[04-Nov-2017 04:44:13 UTC] PHP   1. {main}() /home/ubuntu/workspace/a brisas/php/index.php:0
[04-Nov-2017 04:44:13 UTC] PHP   2. include() /home/ubuntu/workspace/a brisas/php/index.php:1
[04-Nov-2017 04:44:28 UTC] PHP Warning:  include(../funcion/login.php): failed to open stream: No such file or directory in /home/ubuntu/workspace/a brisas/php/top.php on line 115
[04-Nov-2017 04:44:28 UTC] PHP Stack trace:
[04-Nov-2017 04:44:28 UTC] PHP   1. {main}() /home/ubuntu/workspace/a brisas/php/index.php:0
[04-Nov-2017 04:44:28 UTC] PHP   2. include() /home/ubuntu/workspace/a brisas/php/index.php:1
[04-Nov-2017 04:44:28 UTC] PHP Warning:  include(): Failed opening '../funcion/login.php' for inclusion (include_path='.:/usr/share/php:/usr/share/pear') in /home/ubuntu/workspace/a brisas/php/top.php on line 115
[04-Nov-2017 04:44:28 UTC] PHP Stack trace:
[04-Nov-2017 04:44:28 UTC] PHP   1. {main}() /home/ubuntu/workspace/a brisas/php/index.php:0
[04-Nov-2017 04:44:28 UTC] PHP   2. include() /home/ubuntu/workspace/a brisas/php/index.php:1
[04-Nov-2017 04:47:00 UTC] PHP Warning:  include(../funcion/login.php): failed to open stream: No such file or directory in /home/ubuntu/workspace/a brisas/php/top.php on line 110
[04-Nov-2017 04:47:00 UTC] PHP Stack trace:
[04-Nov-2017 04:47:00 UTC] PHP   1. {main}() /home/ubuntu/workspace/a brisas/php/index.php:0
[04-Nov-2017 04:47:00 UTC] PHP   2. include() /home/ubuntu/workspace/a brisas/php/index.php:1
[04-Nov-2017 04:47:00 UTC] PHP Warning:  include(): Failed opening '../funcion/login.php' for inclusion (include_path='.:/usr/share/php:/usr/share/pear') in /home/ubuntu/workspace/a brisas/php/top.php on line 110
[04-Nov-2017 04:47:00 UTC] PHP Stack trace:
[04-Nov-2017 04:47:00 UTC] PHP   1. {main}() /home/ubuntu/workspace/a brisas/php/index.php:0
[04-Nov-2017 04:47:00 UTC] PHP   2. include() /home/ubuntu/workspace/a brisas/php/index.php:1
[04-Nov-2017 05:01:51 UTC] PHP Warning:  include(../funcion/login.php): failed to open stream: No such file or directory in /home/ubuntu/workspace/a brisas/php/top.php on line 110
[04-Nov-2017 05:01:51 UTC] PHP Stack trace:
[04-Nov-2017 05:01:51 UTC] PHP   1. {main}() /home/ubuntu/workspace/a brisas/php/index.php:0
[04-Nov-2017 05:01:51 UTC] PHP   2. include() /home/ubuntu/workspace/a brisas/php/index.php:1
[04-Nov-2017 05:01:51 UTC] PHP Warning:  include(): Failed opening '../funcion/login.php' for inclusion (include_path='.:/usr/share/php:/usr/share/pear') in /home/ubuntu/workspace/a brisas/php/top.php on line 110
[04-Nov-2017 05:01:51 UTC] PHP Stack trace:
[04-Nov-2017 05:01:51 UTC] PHP   1. {main}() /home/ubuntu/workspace/a brisas/php/index.php:0
[04-Nov-2017 05:01:51 UTC] PHP   2. include() /home/ubuntu/workspace/a brisas/php/index.php:1
[04-Nov-2017 05:17:10 UTC] PHP Warning:  include(../funcion/login.php): failed to open stream: No such file or directory in /home/ubuntu/workspace/a brisas/php/top.php on line 110
[04-Nov-2017 05:17:10 UTC] PHP Stack trace:
[04-Nov-2017 05:17:10 UTC] PHP   1. {main}() /home/ubuntu/workspace/a brisas/php/index.php:0
[04-Nov-2017 05:17:10 UTC] PHP   2. include() /home/ubuntu/workspace/a brisas/php/index.php:1
[04-Nov-2017 05:17:10 UTC] PHP Warning:  include(): Failed opening '../funcion/login.php' for inclusion (include_path='.:/usr/share/php:/usr/share/pear') in /home/ubuntu/workspace/a brisas/php/top.php on line 110
[04-Nov-2017 05:17:10 UTC] PHP Stack trace:
[04-Nov-2017 05:17:10 UTC] PHP   1. {main}() /home/ubuntu/workspace/a brisas/php/index.php:0
[04-Nov-2017 05:17:10 UTC] PHP   2. include() /home/ubuntu/workspace/a brisas/php/index.php:1
